2025-02-06 20:40:52 [main] [34mINFO [0;39m [36mc.b.a.query.QueryApplicationTests[0;39m - Starting QueryApplicationTests using Java 17.0.7 with PID 9732 (started by tejad in C:\Users\tejad\Desktop\Code\Java\SpringBoot\Kafka\event-sourcing-kafka-banking\banking-account\account.query)
2025-02-06 20:40:52 [main] [34mINFO [0;39m [36mc.b.a.query.QueryApplicationTests[0;39m - No active profile set, falling back to 1 default profile: "default"
2025-02-06 20:40:53 [main] [34mINFO [0;39m [36mo.s.d.r.c.RepositoryConfigurationDelegate[0;39m - Multiple Spring Data modules found, entering strict repository configuration mode
2025-02-06 20:40:53 [main] [34mINFO [0;39m [36mo.s.d.r.c.RepositoryConfigurationDelegate[0;39m - Bootstrapping Spring Data JPA repositories in DEFAULT mode.
2025-02-06 20:40:53 [main] [34mINFO [0;39m [36mo.s.d.r.c.RepositoryConfigurationDelegate[0;39m - Finished Spring Data repository scanning in 47 ms. Found 1 JPA repository interface.
2025-02-06 20:40:53 [main] [34mINFO [0;39m [36mo.s.d.r.c.RepositoryConfigurationDelegate[0;39m - Multiple Spring Data modules found, entering strict repository configuration mode
2025-02-06 20:40:53 [main] [34mINFO [0;39m [36mo.s.d.r.c.RepositoryConfigurationDelegate[0;39m - Bootstrapping Spring Data MongoDB repositories in DEFAULT mode.
2025-02-06 20:40:53 [main] [34mINFO [0;39m [36mo.s.d.r.c.RepositoryConfigurationExtensionSupport[0;39m - Spring Data MongoDB - Could not safely identify store assignment for repository candidate interface com.banking.account.query.domain.AccountRepository; If you want this repository to be a MongoDB repository, consider annotating your entities with one of these annotations: org.springframework.data.mongodb.core.mapping.Document (preferred), or consider extending one of the following types with your repository: org.springframework.data.mongodb.repository.MongoRepository
2025-02-06 20:40:53 [main] [34mINFO [0;39m [36mo.s.d.r.c.RepositoryConfigurationDelegate[0;39m - Finished Spring Data repository scanning in 5 ms. Found 0 MongoDB repository interfaces.
2025-02-06 20:40:53 [main] [34mINFO [0;39m [36mo.h.jpa.internal.util.LogHelper[0;39m - HHH000204: Processing PersistenceUnitInfo [name: default]
2025-02-06 20:40:53 [main] [34mINFO [0;39m [36morg.hibernate.Version[0;39m - HHH000412: Hibernate ORM core version 6.6.5.Final
2025-02-06 20:40:53 [main] [34mINFO [0;39m [36mo.h.c.i.RegionFactoryInitiator[0;39m - HHH000026: Second-level cache disabled
2025-02-06 20:40:54 [main] [34mINFO [0;39m [36mo.s.o.j.p.SpringPersistenceUnitInfo[0;39m - No LoadTimeWeaver setup: ignoring JPA class transformer
2025-02-06 20:40:54 [main] [34mINFO [0;39m [36mcom.zaxxer.hikari.HikariDataSource[0;39m - HikariPool-1 - Starting...
2025-02-06 20:40:54 [main] [34mINFO [0;39m [36mcom.zaxxer.hikari.pool.HikariPool[0;39m - HikariPool-1 - Added connection com.mysql.cj.jdbc.ConnectionImpl@6cd66f6a
2025-02-06 20:40:54 [main] [34mINFO [0;39m [36mcom.zaxxer.hikari.HikariDataSource[0;39m - HikariPool-1 - Start completed.
2025-02-06 20:40:54 [main] [31mWARN [0;39m [36morg.hibernate.orm.deprecation[0;39m - HHH90000025: MySQL8Dialect does not need to be specified explicitly using 'hibernate.dialect' (remove the property setting and it will be selected by default)
2025-02-06 20:40:54 [main] [31mWARN [0;39m [36morg.hibernate.orm.deprecation[0;39m - HHH90000026: MySQL8Dialect has been deprecated; use org.hibernate.dialect.MySQLDialect instead
2025-02-06 20:40:54 [main] [34mINFO [0;39m [36mo.hibernate.orm.connections.pooling[0;39m - HHH10001005: Database info:
	Database JDBC URL [Connecting through datasource 'HikariDataSource (HikariPool-1)']
	Database driver: undefined/unknown
	Database version: 8.0
	Autocommit mode: undefined/unknown
	Isolation level: undefined/unknown
	Minimum pool size: undefined/unknown
	Maximum pool size: undefined/unknown
2025-02-06 20:40:55 [main] [34mINFO [0;39m [36mo.h.e.t.j.p.i.JtaPlatformInitiator[0;39m - HHH000489: No JTA platform available (set 'hibernate.transaction.jta.platform' to enable JTA platform integration)
2025-02-06 20:40:55 [main] [34mINFO [0;39m [36mo.s.o.j.LocalContainerEntityManagerFactoryBean[0;39m - Initialized JPA EntityManagerFactory for persistence unit 'default'
2025-02-06 20:40:55 [main] [31mWARN [0;39m [36mo.s.b.a.o.j.JpaBaseConfiguration$JpaWebConfiguration[0;39m - spring.jpa.open-in-view is enabled by default. Therefore, database queries may be performed during view rendering. Explicitly configure spring.jpa.open-in-view to disable this warning
2025-02-06 20:40:56 [main] [34mINFO [0;39m [36morg.mongodb.driver.client[0;39m - MongoClient with metadata {"driver": {"name": "mongo-java-driver|sync|spring-boot", "version": "5.2.1"}, "os": {"type": "Windows", "name": "Windows 11", "architecture": "amd64", "version": "10.0"}, "platform": "Java/Oracle Corporation/17.0.7+8-LTS-224"} created with settings MongoClientSettings{readPreference=primary, writeConcern=WriteConcern{w=null, wTimeout=null ms, journal=null}, retryWrites=true, retryReads=true, readConcern=ReadConcern{level=null}, credential=null, transportSettings=null, commandListeners=[], codecRegistry=ProvidersCodecRegistry{codecProviders=[ValueCodecProvider{}, BsonValueCodecProvider{}, DBRefCodecProvider{}, DBObjectCodecProvider{}, DocumentCodecProvider{}, CollectionCodecProvider{}, IterableCodecProvider{}, MapCodecProvider{}, GeoJsonCodecProvider{}, GridFSFileCodecProvider{}, Jsr310CodecProvider{}, JsonObjectCodecProvider{}, BsonCodecProvider{}, EnumCodecProvider{}, com.mongodb.client.model.mql.ExpressionCodecProvider@470fc16c, com.mongodb.Jep395RecordCodecProvider@6d0cc47d, com.mongodb.KotlinCodecProvider@56dae6]}, loggerSettings=LoggerSettings{maxDocumentLength=1000}, clusterSettings={hosts=[localhost:27017], srvServiceName=mongodb, mode=SINGLE, requiredClusterType=UNKNOWN, requiredReplicaSetName='null', serverSelector='null', clusterListeners='[]', serverSelectionTimeout='30000 ms', localThreshold='15 ms'}, socketSettings=SocketSettings{connectTimeoutMS=10000, readTimeoutMS=0, receiveBufferSize=0, proxySettings=ProxySettings{host=null, port=null, username=null, password=null}}, heartbeatSocketSettings=SocketSettings{connectTimeoutMS=10000, readTimeoutMS=10000, receiveBufferSize=0, proxySettings=ProxySettings{host=null, port=null, username=null, password=null}}, connectionPoolSettings=ConnectionPoolSettings{maxSize=100, minSize=0, maxWaitTimeMS=120000, maxConnectionLifeTimeMS=0, maxConnectionIdleTimeMS=0, maintenanceInitialDelayMS=0, maintenanceFrequencyMS=60000, connectionPoolListeners=[], maxConnecting=2}, serverSettings=ServerSettings{heartbeatFrequencyMS=10000, minHeartbeatFrequencyMS=500, serverMonitoringMode=AUTO, serverListeners='[]', serverMonitorListeners='[]'}, sslSettings=SslSettings{enabled=false, invalidHostNameAllowed=false, context=null}, applicationName='null', compressorList=[], uuidRepresentation=JAVA_LEGACY, serverApi=null, autoEncryptionSettings=null, dnsClient=null, inetAddressResolver=null, contextProvider=null, timeoutMS=null}
2025-02-06 20:40:56 [cluster-ClusterId{value='67a51e58b06a1962c02fab77', description='null'}-localhost:27017] [34mINFO [0;39m [36morg.mongodb.driver.cluster[0;39m - Monitor thread successfully connected to server with description ServerDescription{address=localhost:27017, type=STANDALONE, cryptd=false, state=CONNECTED, ok=true, minWireVersion=0, maxWireVersion=9, maxDocumentSize=16777216, logicalSessionTimeoutMinutes=30, roundTripTimeNanos=23329000, minRoundTripTimeNanos=0}
2025-02-06 20:40:56 [main] [34mINFO [0;39m [36mo.a.k.c.consumer.ConsumerConfig[0;39m - ConsumerConfig values: 
	allow.auto.create.topics = true
	auto.commit.interval.ms = 5000
	auto.include.jmx.reporter = true
	auto.offset.reset = earliest
	bootstrap.servers = [localhost:9092]
	check.crcs = true
	client.dns.lookup = use_all_dns_ips
	client.id = consumer-bankAccConsumer-1
	client.rack = 
	connections.max.idle.ms = 540000
	default.api.timeout.ms = 60000
	enable.auto.commit = false
	enable.metrics.push = true
	exclude.internal.topics = true
	fetch.max.bytes = 52428800
	fetch.max.wait.ms = 500
	fetch.min.bytes = 1
	group.id = bankAccConsumer
	group.instance.id = null
	group.protocol = classic
	group.remote.assignor = null
	heartbeat.interval.ms = 3000
	interceptor.classes = []
	internal.leave.group.on.close = true
	internal.throw.on.fetch.stable.offset.unsupported = false
	isolation.level = read_uncommitted
	key.deserializer = class org.apache.kafka.common.serialization.StringDeserializer
	max.partition.fetch.bytes = 1048576
	max.poll.interval.ms = 300000
	max.poll.records = 500
	metadata.max.age.ms = 300000
	metadata.recovery.strategy = none
	metric.reporters = []
	metrics.num.samples = 2
	metrics.recording.level = INFO
	metrics.sample.window.ms = 30000
	partition.assignment.strategy = [class org.apache.kafka.clients.consumer.RangeAssignor, class org.apache.kafka.clients.consumer.CooperativeStickyAssignor]
	receive.buffer.bytes = 65536
	reconnect.backoff.max.ms = 1000
	reconnect.backoff.ms = 50
	request.timeout.ms = 30000
	retry.backoff.max.ms = 1000
	retry.backoff.ms = 100
	sasl.client.callback.handler.class = null
	sasl.jaas.config = null
	sasl.kerberos.kinit.cmd = /usr/bin/kinit
	sasl.kerberos.min.time.before.relogin = 60000
	sasl.kerberos.service.name = null
	sasl.kerberos.ticket.renew.jitter = 0.05
	sasl.kerberos.ticket.renew.window.factor = 0.8
	sasl.login.callback.handler.class = null
	sasl.login.class = null
	sasl.login.connect.timeout.ms = null
	sasl.login.read.timeout.ms = null
	sasl.login.refresh.buffer.seconds = 300
	sasl.login.refresh.min.period.seconds = 60
	sasl.login.refresh.window.factor = 0.8
	sasl.login.refresh.window.jitter = 0.05
	sasl.login.retry.backoff.max.ms = 10000
	sasl.login.retry.backoff.ms = 100
	sasl.mechanism = GSSAPI
	sasl.oauthbearer.clock.skew.seconds = 30
	sasl.oauthbearer.expected.audience = null
	sasl.oauthbearer.expected.issuer = null
	sasl.oauthbearer.jwks.endpoint.refresh.ms = 3600000
	sasl.oauthbearer.jwks.endpoint.retry.backoff.max.ms = 10000
	sasl.oauthbearer.jwks.endpoint.retry.backoff.ms = 100
	sasl.oauthbearer.jwks.endpoint.url = null
	sasl.oauthbearer.scope.claim.name = scope
	sasl.oauthbearer.sub.claim.name = sub
	sasl.oauthbearer.token.endpoint.url = null
	security.protocol = PLAINTEXT
	security.providers = null
	send.buffer.bytes = 131072
	session.timeout.ms = 45000
	socket.connection.setup.timeout.max.ms = 30000
	socket.connection.setup.timeout.ms = 10000
	ssl.cipher.suites = null
	ssl.enabled.protocols = [TLSv1.2, TLSv1.3]
	ssl.endpoint.identification.algorithm = https
	ssl.engine.factory.class = null
	ssl.key.password = null
	ssl.keymanager.algorithm = SunX509
	ssl.keystore.certificate.chain = null
	ssl.keystore.key = null
	ssl.keystore.location = null
	ssl.keystore.password = null
	ssl.keystore.type = JKS
	ssl.protocol = TLSv1.3
	ssl.provider = null
	ssl.secure.random.implementation = null
	ssl.trustmanager.algorithm = PKIX
	ssl.truststore.certificates = null
	ssl.truststore.location = null
	ssl.truststore.password = null
	ssl.truststore.type = JKS
	value.deserializer = class org.springframework.kafka.support.serializer.JsonDeserializer

2025-02-06 20:40:56 [main] [34mINFO [0;39m [36mo.a.k.c.t.i.KafkaMetricsCollector[0;39m - initializing Kafka metrics collector
2025-02-06 20:40:56 [main] [34mINFO [0;39m [36mo.a.kafka.common.utils.AppInfoParser[0;39m - Kafka version: 3.8.1
2025-02-06 20:40:56 [main] [34mINFO [0;39m [36mo.a.kafka.common.utils.AppInfoParser[0;39m - Kafka commitId: 70d6ff42debf7e17
2025-02-06 20:40:56 [main] [34mINFO [0;39m [36mo.a.kafka.common.utils.AppInfoParser[0;39m - Kafka startTimeMs: 1738874456765
2025-02-06 20:40:56 [main] [34mINFO [0;39m [36mo.a.k.c.c.i.LegacyKafkaConsumer[0;39m - [Consumer clientId=consumer-bankAccConsumer-1, groupId=bankAccConsumer] Subscribed to topic(s): FoundsDepositedEvent
2025-02-06 20:40:56 [main] [34mINFO [0;39m [36mo.a.k.c.consumer.ConsumerConfig[0;39m - ConsumerConfig values: 
	allow.auto.create.topics = true
	auto.commit.interval.ms = 5000
	auto.include.jmx.reporter = true
	auto.offset.reset = earliest
	bootstrap.servers = [localhost:9092]
	check.crcs = true
	client.dns.lookup = use_all_dns_ips
	client.id = consumer-bankAccConsumer-2
	client.rack = 
	connections.max.idle.ms = 540000
	default.api.timeout.ms = 60000
	enable.auto.commit = false
	enable.metrics.push = true
	exclude.internal.topics = true
	fetch.max.bytes = 52428800
	fetch.max.wait.ms = 500
	fetch.min.bytes = 1
	group.id = bankAccConsumer
	group.instance.id = null
	group.protocol = classic
	group.remote.assignor = null
	heartbeat.interval.ms = 3000
	interceptor.classes = []
	internal.leave.group.on.close = true
	internal.throw.on.fetch.stable.offset.unsupported = false
	isolation.level = read_uncommitted
	key.deserializer = class org.apache.kafka.common.serialization.StringDeserializer
	max.partition.fetch.bytes = 1048576
	max.poll.interval.ms = 300000
	max.poll.records = 500
	metadata.max.age.ms = 300000
	metadata.recovery.strategy = none
	metric.reporters = []
	metrics.num.samples = 2
	metrics.recording.level = INFO
	metrics.sample.window.ms = 30000
	partition.assignment.strategy = [class org.apache.kafka.clients.consumer.RangeAssignor, class org.apache.kafka.clients.consumer.CooperativeStickyAssignor]
	receive.buffer.bytes = 65536
	reconnect.backoff.max.ms = 1000
	reconnect.backoff.ms = 50
	request.timeout.ms = 30000
	retry.backoff.max.ms = 1000
	retry.backoff.ms = 100
	sasl.client.callback.handler.class = null
	sasl.jaas.config = null
	sasl.kerberos.kinit.cmd = /usr/bin/kinit
	sasl.kerberos.min.time.before.relogin = 60000
	sasl.kerberos.service.name = null
	sasl.kerberos.ticket.renew.jitter = 0.05
	sasl.kerberos.ticket.renew.window.factor = 0.8
	sasl.login.callback.handler.class = null
	sasl.login.class = null
	sasl.login.connect.timeout.ms = null
	sasl.login.read.timeout.ms = null
	sasl.login.refresh.buffer.seconds = 300
	sasl.login.refresh.min.period.seconds = 60
	sasl.login.refresh.window.factor = 0.8
	sasl.login.refresh.window.jitter = 0.05
	sasl.login.retry.backoff.max.ms = 10000
	sasl.login.retry.backoff.ms = 100
	sasl.mechanism = GSSAPI
	sasl.oauthbearer.clock.skew.seconds = 30
	sasl.oauthbearer.expected.audience = null
	sasl.oauthbearer.expected.issuer = null
	sasl.oauthbearer.jwks.endpoint.refresh.ms = 3600000
	sasl.oauthbearer.jwks.endpoint.retry.backoff.max.ms = 10000
	sasl.oauthbearer.jwks.endpoint.retry.backoff.ms = 100
	sasl.oauthbearer.jwks.endpoint.url = null
	sasl.oauthbearer.scope.claim.name = scope
	sasl.oauthbearer.sub.claim.name = sub
	sasl.oauthbearer.token.endpoint.url = null
	security.protocol = PLAINTEXT
	security.providers = null
	send.buffer.bytes = 131072
	session.timeout.ms = 45000
	socket.connection.setup.timeout.max.ms = 30000
	socket.connection.setup.timeout.ms = 10000
	ssl.cipher.suites = null
	ssl.enabled.protocols = [TLSv1.2, TLSv1.3]
	ssl.endpoint.identification.algorithm = https
	ssl.engine.factory.class = null
	ssl.key.password = null
	ssl.keymanager.algorithm = SunX509
	ssl.keystore.certificate.chain = null
	ssl.keystore.key = null
	ssl.keystore.location = null
	ssl.keystore.password = null
	ssl.keystore.type = JKS
	ssl.protocol = TLSv1.3
	ssl.provider = null
	ssl.secure.random.implementation = null
	ssl.trustmanager.algorithm = PKIX
	ssl.truststore.certificates = null
	ssl.truststore.location = null
	ssl.truststore.password = null
	ssl.truststore.type = JKS
	value.deserializer = class org.springframework.kafka.support.serializer.JsonDeserializer

2025-02-06 20:40:56 [main] [34mINFO [0;39m [36mo.a.k.c.t.i.KafkaMetricsCollector[0;39m - initializing Kafka metrics collector
2025-02-06 20:40:56 [main] [34mINFO [0;39m [36mo.a.kafka.common.utils.AppInfoParser[0;39m - Kafka version: 3.8.1
2025-02-06 20:40:56 [main] [34mINFO [0;39m [36mo.a.kafka.common.utils.AppInfoParser[0;39m - Kafka commitId: 70d6ff42debf7e17
2025-02-06 20:40:56 [main] [34mINFO [0;39m [36mo.a.kafka.common.utils.AppInfoParser[0;39m - Kafka startTimeMs: 1738874456781
2025-02-06 20:40:56 [main] [34mINFO [0;39m [36mo.a.k.c.c.i.LegacyKafkaConsumer[0;39m - [Consumer clientId=consumer-bankAccConsumer-2, groupId=bankAccConsumer] Subscribed to topic(s): AccountOpenedEvent
2025-02-06 20:40:56 [main] [34mINFO [0;39m [36mo.a.k.c.consumer.ConsumerConfig[0;39m - ConsumerConfig values: 
	allow.auto.create.topics = true
	auto.commit.interval.ms = 5000
	auto.include.jmx.reporter = true
	auto.offset.reset = earliest
	bootstrap.servers = [localhost:9092]
	check.crcs = true
	client.dns.lookup = use_all_dns_ips
	client.id = consumer-bankAccConsumer-3
	client.rack = 
	connections.max.idle.ms = 540000
	default.api.timeout.ms = 60000
	enable.auto.commit = false
	enable.metrics.push = true
	exclude.internal.topics = true
	fetch.max.bytes = 52428800
	fetch.max.wait.ms = 500
	fetch.min.bytes = 1
	group.id = bankAccConsumer
	group.instance.id = null
	group.protocol = classic
	group.remote.assignor = null
	heartbeat.interval.ms = 3000
	interceptor.classes = []
	internal.leave.group.on.close = true
	internal.throw.on.fetch.stable.offset.unsupported = false
	isolation.level = read_uncommitted
	key.deserializer = class org.apache.kafka.common.serialization.StringDeserializer
	max.partition.fetch.bytes = 1048576
	max.poll.interval.ms = 300000
	max.poll.records = 500
	metadata.max.age.ms = 300000
	metadata.recovery.strategy = none
	metric.reporters = []
	metrics.num.samples = 2
	metrics.recording.level = INFO
	metrics.sample.window.ms = 30000
	partition.assignment.strategy = [class org.apache.kafka.clients.consumer.RangeAssignor, class org.apache.kafka.clients.consumer.CooperativeStickyAssignor]
	receive.buffer.bytes = 65536
	reconnect.backoff.max.ms = 1000
	reconnect.backoff.ms = 50
	request.timeout.ms = 30000
	retry.backoff.max.ms = 1000
	retry.backoff.ms = 100
	sasl.client.callback.handler.class = null
	sasl.jaas.config = null
	sasl.kerberos.kinit.cmd = /usr/bin/kinit
	sasl.kerberos.min.time.before.relogin = 60000
	sasl.kerberos.service.name = null
	sasl.kerberos.ticket.renew.jitter = 0.05
	sasl.kerberos.ticket.renew.window.factor = 0.8
	sasl.login.callback.handler.class = null
	sasl.login.class = null
	sasl.login.connect.timeout.ms = null
	sasl.login.read.timeout.ms = null
	sasl.login.refresh.buffer.seconds = 300
	sasl.login.refresh.min.period.seconds = 60
	sasl.login.refresh.window.factor = 0.8
	sasl.login.refresh.window.jitter = 0.05
	sasl.login.retry.backoff.max.ms = 10000
	sasl.login.retry.backoff.ms = 100
	sasl.mechanism = GSSAPI
	sasl.oauthbearer.clock.skew.seconds = 30
	sasl.oauthbearer.expected.audience = null
	sasl.oauthbearer.expected.issuer = null
	sasl.oauthbearer.jwks.endpoint.refresh.ms = 3600000
	sasl.oauthbearer.jwks.endpoint.retry.backoff.max.ms = 10000
	sasl.oauthbearer.jwks.endpoint.retry.backoff.ms = 100
	sasl.oauthbearer.jwks.endpoint.url = null
	sasl.oauthbearer.scope.claim.name = scope
	sasl.oauthbearer.sub.claim.name = sub
	sasl.oauthbearer.token.endpoint.url = null
	security.protocol = PLAINTEXT
	security.providers = null
	send.buffer.bytes = 131072
	session.timeout.ms = 45000
	socket.connection.setup.timeout.max.ms = 30000
	socket.connection.setup.timeout.ms = 10000
	ssl.cipher.suites = null
	ssl.enabled.protocols = [TLSv1.2, TLSv1.3]
	ssl.endpoint.identification.algorithm = https
	ssl.engine.factory.class = null
	ssl.key.password = null
	ssl.keymanager.algorithm = SunX509
	ssl.keystore.certificate.chain = null
	ssl.keystore.key = null
	ssl.keystore.location = null
	ssl.keystore.password = null
	ssl.keystore.type = JKS
	ssl.protocol = TLSv1.3
	ssl.provider = null
	ssl.secure.random.implementation = null
	ssl.trustmanager.algorithm = PKIX
	ssl.truststore.certificates = null
	ssl.truststore.location = null
	ssl.truststore.password = null
	ssl.truststore.type = JKS
	value.deserializer = class org.springframework.kafka.support.serializer.JsonDeserializer

2025-02-06 20:40:56 [main] [34mINFO [0;39m [36mo.a.k.c.t.i.KafkaMetricsCollector[0;39m - initializing Kafka metrics collector
2025-02-06 20:40:56 [main] [34mINFO [0;39m [36mo.a.kafka.common.utils.AppInfoParser[0;39m - Kafka version: 3.8.1
2025-02-06 20:40:56 [main] [34mINFO [0;39m [36mo.a.kafka.common.utils.AppInfoParser[0;39m - Kafka commitId: 70d6ff42debf7e17
2025-02-06 20:40:56 [main] [34mINFO [0;39m [36mo.a.kafka.common.utils.AppInfoParser[0;39m - Kafka startTimeMs: 1738874456790
2025-02-06 20:40:56 [main] [34mINFO [0;39m [36mo.a.k.c.c.i.LegacyKafkaConsumer[0;39m - [Consumer clientId=consumer-bankAccConsumer-3, groupId=bankAccConsumer] Subscribed to topic(s): AccountClosedEvent
2025-02-06 20:40:56 [main] [34mINFO [0;39m [36mo.a.k.c.consumer.ConsumerConfig[0;39m - ConsumerConfig values: 
	allow.auto.create.topics = true
	auto.commit.interval.ms = 5000
	auto.include.jmx.reporter = true
	auto.offset.reset = earliest
	bootstrap.servers = [localhost:9092]
	check.crcs = true
	client.dns.lookup = use_all_dns_ips
	client.id = consumer-bankAccConsumer-4
	client.rack = 
	connections.max.idle.ms = 540000
	default.api.timeout.ms = 60000
	enable.auto.commit = false
	enable.metrics.push = true
	exclude.internal.topics = true
	fetch.max.bytes = 52428800
	fetch.max.wait.ms = 500
	fetch.min.bytes = 1
	group.id = bankAccConsumer
	group.instance.id = null
	group.protocol = classic
	group.remote.assignor = null
	heartbeat.interval.ms = 3000
	interceptor.classes = []
	internal.leave.group.on.close = true
	internal.throw.on.fetch.stable.offset.unsupported = false
	isolation.level = read_uncommitted
	key.deserializer = class org.apache.kafka.common.serialization.StringDeserializer
	max.partition.fetch.bytes = 1048576
	max.poll.interval.ms = 300000
	max.poll.records = 500
	metadata.max.age.ms = 300000
	metadata.recovery.strategy = none
	metric.reporters = []
	metrics.num.samples = 2
	metrics.recording.level = INFO
	metrics.sample.window.ms = 30000
	partition.assignment.strategy = [class org.apache.kafka.clients.consumer.RangeAssignor, class org.apache.kafka.clients.consumer.CooperativeStickyAssignor]
	receive.buffer.bytes = 65536
	reconnect.backoff.max.ms = 1000
	reconnect.backoff.ms = 50
	request.timeout.ms = 30000
	retry.backoff.max.ms = 1000
	retry.backoff.ms = 100
	sasl.client.callback.handler.class = null
	sasl.jaas.config = null
	sasl.kerberos.kinit.cmd = /usr/bin/kinit
	sasl.kerberos.min.time.before.relogin = 60000
	sasl.kerberos.service.name = null
	sasl.kerberos.ticket.renew.jitter = 0.05
	sasl.kerberos.ticket.renew.window.factor = 0.8
	sasl.login.callback.handler.class = null
	sasl.login.class = null
	sasl.login.connect.timeout.ms = null
	sasl.login.read.timeout.ms = null
	sasl.login.refresh.buffer.seconds = 300
	sasl.login.refresh.min.period.seconds = 60
	sasl.login.refresh.window.factor = 0.8
	sasl.login.refresh.window.jitter = 0.05
	sasl.login.retry.backoff.max.ms = 10000
	sasl.login.retry.backoff.ms = 100
	sasl.mechanism = GSSAPI
	sasl.oauthbearer.clock.skew.seconds = 30
	sasl.oauthbearer.expected.audience = null
	sasl.oauthbearer.expected.issuer = null
	sasl.oauthbearer.jwks.endpoint.refresh.ms = 3600000
	sasl.oauthbearer.jwks.endpoint.retry.backoff.max.ms = 10000
	sasl.oauthbearer.jwks.endpoint.retry.backoff.ms = 100
	sasl.oauthbearer.jwks.endpoint.url = null
	sasl.oauthbearer.scope.claim.name = scope
	sasl.oauthbearer.sub.claim.name = sub
	sasl.oauthbearer.token.endpoint.url = null
	security.protocol = PLAINTEXT
	security.providers = null
	send.buffer.bytes = 131072
	session.timeout.ms = 45000
	socket.connection.setup.timeout.max.ms = 30000
	socket.connection.setup.timeout.ms = 10000
	ssl.cipher.suites = null
	ssl.enabled.protocols = [TLSv1.2, TLSv1.3]
	ssl.endpoint.identification.algorithm = https
	ssl.engine.factory.class = null
	ssl.key.password = null
	ssl.keymanager.algorithm = SunX509
	ssl.keystore.certificate.chain = null
	ssl.keystore.key = null
	ssl.keystore.location = null
	ssl.keystore.password = null
	ssl.keystore.type = JKS
	ssl.protocol = TLSv1.3
	ssl.provider = null
	ssl.secure.random.implementation = null
	ssl.trustmanager.algorithm = PKIX
	ssl.truststore.certificates = null
	ssl.truststore.location = null
	ssl.truststore.password = null
	ssl.truststore.type = JKS
	value.deserializer = class org.springframework.kafka.support.serializer.JsonDeserializer

2025-02-06 20:40:56 [main] [34mINFO [0;39m [36mo.a.k.c.t.i.KafkaMetricsCollector[0;39m - initializing Kafka metrics collector
2025-02-06 20:40:56 [main] [34mINFO [0;39m [36mo.a.kafka.common.utils.AppInfoParser[0;39m - Kafka version: 3.8.1
2025-02-06 20:40:56 [main] [34mINFO [0;39m [36mo.a.kafka.common.utils.AppInfoParser[0;39m - Kafka commitId: 70d6ff42debf7e17
2025-02-06 20:40:56 [main] [34mINFO [0;39m [36mo.a.kafka.common.utils.AppInfoParser[0;39m - Kafka startTimeMs: 1738874456797
2025-02-06 20:40:56 [main] [34mINFO [0;39m [36mo.a.k.c.c.i.LegacyKafkaConsumer[0;39m - [Consumer clientId=consumer-bankAccConsumer-4, groupId=bankAccConsumer] Subscribed to topic(s): FoundsWithdrawnEvent
2025-02-06 20:40:56 [main] [34mINFO [0;39m [36mc.b.a.query.QueryApplicationTests[0;39m - Started QueryApplicationTests in 4.674 seconds (process running for 5.467)
2025-02-06 20:40:57 [org.springframework.kafka.KafkaListenerEndpointContainer#2-0-C-1] [34mINFO [0;39m [36morg.apache.kafka.clients.Metadata[0;39m - [Consumer clientId=consumer-bankAccConsumer-1, groupId=bankAccConsumer] Cluster ID: jn-NMZ2iRB28YBZoCBrHdg
2025-02-06 20:40:57 [org.springframework.kafka.KafkaListenerEndpointContainer#3-0-C-1] [34mINFO [0;39m [36morg.apache.kafka.clients.Metadata[0;39m - [Consumer clientId=consumer-bankAccConsumer-2, groupId=bankAccConsumer] Cluster ID: jn-NMZ2iRB28YBZoCBrHdg
2025-02-06 20:40:57 [org.springframework.kafka.KafkaListenerEndpointContainer#1-0-C-1] [34mINFO [0;39m [36morg.apache.kafka.clients.Metadata[0;39m - [Consumer clientId=consumer-bankAccConsumer-4, groupId=bankAccConsumer] Cluster ID: jn-NMZ2iRB28YBZoCBrHdg
2025-02-06 20:40:57 [org.springframework.kafka.KafkaListenerEndpointContainer#0-0-C-1] [34mINFO [0;39m [36morg.apache.kafka.clients.Metadata[0;39m - [Consumer clientId=consumer-bankAccConsumer-3, groupId=bankAccConsumer] Cluster ID: jn-NMZ2iRB28YBZoCBrHdg
2025-02-06 20:40:57 [org.springframework.kafka.KafkaListenerEndpointContainer#2-0-C-1] [34mINFO [0;39m [36mo.a.k.c.c.i.ConsumerCoordinator[0;39m - [Consumer clientId=consumer-bankAccConsumer-1, groupId=bankAccConsumer] Discovered group coordinator localhost:9092 (id: 2147483646 rack: null)
2025-02-06 20:40:57 [org.springframework.kafka.KafkaListenerEndpointContainer#0-0-C-1] [34mINFO [0;39m [36mo.a.k.c.c.i.ConsumerCoordinator[0;39m - [Consumer clientId=consumer-bankAccConsumer-3, groupId=bankAccConsumer] Discovered group coordinator localhost:9092 (id: 2147483646 rack: null)
2025-02-06 20:40:57 [org.springframework.kafka.KafkaListenerEndpointContainer#3-0-C-1] [34mINFO [0;39m [36mo.a.k.c.c.i.ConsumerCoordinator[0;39m - [Consumer clientId=consumer-bankAccConsumer-2, groupId=bankAccConsumer] Discovered group coordinator localhost:9092 (id: 2147483646 rack: null)
2025-02-06 20:40:57 [org.springframework.kafka.KafkaListenerEndpointContainer#1-0-C-1] [34mINFO [0;39m [36mo.a.k.c.c.i.ConsumerCoordinator[0;39m - [Consumer clientId=consumer-bankAccConsumer-4, groupId=bankAccConsumer] Discovered group coordinator localhost:9092 (id: 2147483646 rack: null)
2025-02-06 20:40:57 [org.springframework.kafka.KafkaListenerEndpointContainer#3-0-C-1] [34mINFO [0;39m [36mo.a.k.c.c.i.ConsumerCoordinator[0;39m - [Consumer clientId=consumer-bankAccConsumer-2, groupId=bankAccConsumer] (Re-)joining group
2025-02-06 20:40:57 [org.springframework.kafka.KafkaListenerEndpointContainer#0-0-C-1] [34mINFO [0;39m [36mo.a.k.c.c.i.ConsumerCoordinator[0;39m - [Consumer clientId=consumer-bankAccConsumer-3, groupId=bankAccConsumer] (Re-)joining group
2025-02-06 20:40:57 [org.springframework.kafka.KafkaListenerEndpointContainer#1-0-C-1] [34mINFO [0;39m [36mo.a.k.c.c.i.ConsumerCoordinator[0;39m - [Consumer clientId=consumer-bankAccConsumer-4, groupId=bankAccConsumer] (Re-)joining group
2025-02-06 20:40:57 [org.springframework.kafka.KafkaListenerEndpointContainer#2-0-C-1] [34mINFO [0;39m [36mo.a.k.c.c.i.ConsumerCoordinator[0;39m - [Consumer clientId=consumer-bankAccConsumer-1, groupId=bankAccConsumer] (Re-)joining group
2025-02-06 20:40:57 [org.springframework.kafka.KafkaListenerEndpointContainer#3-0-C-1] [34mINFO [0;39m [36mo.a.k.c.c.i.ConsumerCoordinator[0;39m - [Consumer clientId=consumer-bankAccConsumer-2, groupId=bankAccConsumer] Request joining group due to: need to re-join with the given member-id: consumer-bankAccConsumer-2-6c77f4ca-1d08-4bae-acdd-9954eeab480f
2025-02-06 20:40:57 [org.springframework.kafka.KafkaListenerEndpointContainer#0-0-C-1] [34mINFO [0;39m [36mo.a.k.c.c.i.ConsumerCoordinator[0;39m - [Consumer clientId=consumer-bankAccConsumer-3, groupId=bankAccConsumer] Request joining group due to: need to re-join with the given member-id: consumer-bankAccConsumer-3-22b4508b-95ea-4550-9fcc-c3c0e2211222
2025-02-06 20:40:57 [org.springframework.kafka.KafkaListenerEndpointContainer#2-0-C-1] [34mINFO [0;39m [36mo.a.k.c.c.i.ConsumerCoordinator[0;39m - [Consumer clientId=consumer-bankAccConsumer-1, groupId=bankAccConsumer] Request joining group due to: need to re-join with the given member-id: consumer-bankAccConsumer-1-1f841678-1318-40a5-8e6a-964993fed2b5
2025-02-06 20:40:57 [org.springframework.kafka.KafkaListenerEndpointContainer#3-0-C-1] [34mINFO [0;39m [36mo.a.k.c.c.i.ConsumerCoordinator[0;39m - [Consumer clientId=consumer-bankAccConsumer-2, groupId=bankAccConsumer] (Re-)joining group
2025-02-06 20:40:57 [org.springframework.kafka.KafkaListenerEndpointContainer#0-0-C-1] [34mINFO [0;39m [36mo.a.k.c.c.i.ConsumerCoordinator[0;39m - [Consumer clientId=consumer-bankAccConsumer-3, groupId=bankAccConsumer] (Re-)joining group
2025-02-06 20:40:57 [org.springframework.kafka.KafkaListenerEndpointContainer#2-0-C-1] [34mINFO [0;39m [36mo.a.k.c.c.i.ConsumerCoordinator[0;39m - [Consumer clientId=consumer-bankAccConsumer-1, groupId=bankAccConsumer] (Re-)joining group
2025-02-06 20:40:57 [org.springframework.kafka.KafkaListenerEndpointContainer#1-0-C-1] [34mINFO [0;39m [36mo.a.k.c.c.i.ConsumerCoordinator[0;39m - [Consumer clientId=consumer-bankAccConsumer-4, groupId=bankAccConsumer] Request joining group due to: need to re-join with the given member-id: consumer-bankAccConsumer-4-e0d52690-ab49-466b-a3bb-364742ef55ce
2025-02-06 20:40:57 [org.springframework.kafka.KafkaListenerEndpointContainer#1-0-C-1] [34mINFO [0;39m [36mo.a.k.c.c.i.ConsumerCoordinator[0;39m - [Consumer clientId=consumer-bankAccConsumer-4, groupId=bankAccConsumer] (Re-)joining group
2025-02-06 20:40:57 [org.springframework.kafka.KafkaListenerEndpointContainer#3-0-C-1] [34mINFO [0;39m [36mo.a.k.c.c.i.ConsumerCoordinator[0;39m - [Consumer clientId=consumer-bankAccConsumer-2, groupId=bankAccConsumer] Member consumer-bankAccConsumer-2-6c77f4ca-1d08-4bae-acdd-9954eeab480f sending LeaveGroup request to coordinator localhost:9092 (id: 2147483646 rack: null) due to the consumer unsubscribed from all topics
2025-02-06 20:40:57 [org.springframework.kafka.KafkaListenerEndpointContainer#2-0-C-1] [34mINFO [0;39m [36mo.a.k.c.c.i.ConsumerCoordinator[0;39m - [Consumer clientId=consumer-bankAccConsumer-1, groupId=bankAccConsumer] Member consumer-bankAccConsumer-1-1f841678-1318-40a5-8e6a-964993fed2b5 sending LeaveGroup request to coordinator localhost:9092 (id: 2147483646 rack: null) due to the consumer unsubscribed from all topics
2025-02-06 20:40:57 [org.springframework.kafka.KafkaListenerEndpointContainer#0-0-C-1] [34mINFO [0;39m [36mo.a.k.c.c.i.ConsumerCoordinator[0;39m - [Consumer clientId=consumer-bankAccConsumer-3, groupId=bankAccConsumer] Member consumer-bankAccConsumer-3-22b4508b-95ea-4550-9fcc-c3c0e2211222 sending LeaveGroup request to coordinator localhost:9092 (id: 2147483646 rack: null) due to the consumer unsubscribed from all topics
2025-02-06 20:40:57 [org.springframework.kafka.KafkaListenerEndpointContainer#1-0-C-1] [34mINFO [0;39m [36mo.a.k.c.c.i.ConsumerCoordinator[0;39m - [Consumer clientId=consumer-bankAccConsumer-4, groupId=bankAccConsumer] Member consumer-bankAccConsumer-4-e0d52690-ab49-466b-a3bb-364742ef55ce sending LeaveGroup request to coordinator localhost:9092 (id: 2147483646 rack: null) due to the consumer unsubscribed from all topics
2025-02-06 20:40:57 [org.springframework.kafka.KafkaListenerEndpointContainer#2-0-C-1] [34mINFO [0;39m [36mo.a.k.c.c.i.ConsumerCoordinator[0;39m - [Consumer clientId=consumer-bankAccConsumer-1, groupId=bankAccConsumer] Resetting generation and member id due to: consumer pro-actively leaving the group
2025-02-06 20:40:57 [org.springframework.kafka.KafkaListenerEndpointContainer#2-0-C-1] [34mINFO [0;39m [36mo.a.k.c.c.i.ConsumerCoordinator[0;39m - [Consumer clientId=consumer-bankAccConsumer-1, groupId=bankAccConsumer] Request joining group due to: consumer pro-actively leaving the group
2025-02-06 20:40:57 [org.springframework.kafka.KafkaListenerEndpointContainer#3-0-C-1] [34mINFO [0;39m [36mo.a.k.c.c.i.ConsumerCoordinator[0;39m - [Consumer clientId=consumer-bankAccConsumer-2, groupId=bankAccConsumer] Resetting generation and member id due to: consumer pro-actively leaving the group
2025-02-06 20:40:57 [org.springframework.kafka.KafkaListenerEndpointContainer#0-0-C-1] [34mINFO [0;39m [36mo.a.k.c.c.i.ConsumerCoordinator[0;39m - [Consumer clientId=consumer-bankAccConsumer-3, groupId=bankAccConsumer] Resetting generation and member id due to: consumer pro-actively leaving the group
2025-02-06 20:40:57 [org.springframework.kafka.KafkaListenerEndpointContainer#1-0-C-1] [34mINFO [0;39m [36mo.a.k.c.c.i.ConsumerCoordinator[0;39m - [Consumer clientId=consumer-bankAccConsumer-4, groupId=bankAccConsumer] Resetting generation and member id due to: consumer pro-actively leaving the group
2025-02-06 20:40:57 [org.springframework.kafka.KafkaListenerEndpointContainer#2-0-C-1] [34mINFO [0;39m [36mo.a.k.c.c.i.LegacyKafkaConsumer[0;39m - [Consumer clientId=consumer-bankAccConsumer-1, groupId=bankAccConsumer] Unsubscribed all topics or patterns and assigned partitions
2025-02-06 20:40:57 [org.springframework.kafka.KafkaListenerEndpointContainer#0-0-C-1] [34mINFO [0;39m [36mo.a.k.c.c.i.ConsumerCoordinator[0;39m - [Consumer clientId=consumer-bankAccConsumer-3, groupId=bankAccConsumer] Request joining group due to: consumer pro-actively leaving the group
2025-02-06 20:40:57 [org.springframework.kafka.KafkaListenerEndpointContainer#3-0-C-1] [34mINFO [0;39m [36mo.a.k.c.c.i.ConsumerCoordinator[0;39m - [Consumer clientId=consumer-bankAccConsumer-2, groupId=bankAccConsumer] Request joining group due to: consumer pro-actively leaving the group
2025-02-06 20:40:57 [org.springframework.kafka.KafkaListenerEndpointContainer#1-0-C-1] [34mINFO [0;39m [36mo.a.k.c.c.i.ConsumerCoordinator[0;39m - [Consumer clientId=consumer-bankAccConsumer-4, groupId=bankAccConsumer] Request joining group due to: consumer pro-actively leaving the group
2025-02-06 20:40:57 [org.springframework.kafka.KafkaListenerEndpointContainer#0-0-C-1] [34mINFO [0;39m [36mo.a.k.c.c.i.LegacyKafkaConsumer[0;39m - [Consumer clientId=consumer-bankAccConsumer-3, groupId=bankAccConsumer] Unsubscribed all topics or patterns and assigned partitions
2025-02-06 20:40:57 [org.springframework.kafka.KafkaListenerEndpointContainer#1-0-C-1] [34mINFO [0;39m [36mo.a.k.c.c.i.LegacyKafkaConsumer[0;39m - [Consumer clientId=consumer-bankAccConsumer-4, groupId=bankAccConsumer] Unsubscribed all topics or patterns and assigned partitions
2025-02-06 20:40:57 [org.springframework.kafka.KafkaListenerEndpointContainer#3-0-C-1] [34mINFO [0;39m [36mo.a.k.c.c.i.LegacyKafkaConsumer[0;39m - [Consumer clientId=consumer-bankAccConsumer-2, groupId=bankAccConsumer] Unsubscribed all topics or patterns and assigned partitions
2025-02-06 20:40:57 [org.springframework.kafka.KafkaListenerEndpointContainer#2-0-C-1] [34mINFO [0;39m [36mo.a.k.c.c.i.ConsumerCoordinator[0;39m - [Consumer clientId=consumer-bankAccConsumer-1, groupId=bankAccConsumer] Resetting generation and member id due to: consumer pro-actively leaving the group
2025-02-06 20:40:57 [org.springframework.kafka.KafkaListenerEndpointContainer#0-0-C-1] [34mINFO [0;39m [36mo.a.k.c.c.i.ConsumerCoordinator[0;39m - [Consumer clientId=consumer-bankAccConsumer-3, groupId=bankAccConsumer] Resetting generation and member id due to: consumer pro-actively leaving the group
2025-02-06 20:40:57 [org.springframework.kafka.KafkaListenerEndpointContainer#1-0-C-1] [34mINFO [0;39m [36mo.a.k.c.c.i.ConsumerCoordinator[0;39m - [Consumer clientId=consumer-bankAccConsumer-4, groupId=bankAccConsumer] Resetting generation and member id due to: consumer pro-actively leaving the group
2025-02-06 20:40:57 [org.springframework.kafka.KafkaListenerEndpointContainer#0-0-C-1] [34mINFO [0;39m [36mo.a.k.c.c.i.ConsumerCoordinator[0;39m - [Consumer clientId=consumer-bankAccConsumer-3, groupId=bankAccConsumer] Request joining group due to: consumer pro-actively leaving the group
2025-02-06 20:40:57 [org.springframework.kafka.KafkaListenerEndpointContainer#1-0-C-1] [34mINFO [0;39m [36mo.a.k.c.c.i.ConsumerCoordinator[0;39m - [Consumer clientId=consumer-bankAccConsumer-4, groupId=bankAccConsumer] Request joining group due to: consumer pro-actively leaving the group
2025-02-06 20:40:57 [org.springframework.kafka.KafkaListenerEndpointContainer#2-0-C-1] [34mINFO [0;39m [36mo.a.k.c.c.i.ConsumerCoordinator[0;39m - [Consumer clientId=consumer-bankAccConsumer-1, groupId=bankAccConsumer] Request joining group due to: consumer pro-actively leaving the group
2025-02-06 20:40:57 [org.springframework.kafka.KafkaListenerEndpointContainer#3-0-C-1] [34mINFO [0;39m [36mo.a.k.c.c.i.ConsumerCoordinator[0;39m - [Consumer clientId=consumer-bankAccConsumer-2, groupId=bankAccConsumer] Resetting generation and member id due to: consumer pro-actively leaving the group
2025-02-06 20:40:57 [org.springframework.kafka.KafkaListenerEndpointContainer#3-0-C-1] [34mINFO [0;39m [36mo.a.k.c.c.i.ConsumerCoordinator[0;39m - [Consumer clientId=consumer-bankAccConsumer-2, groupId=bankAccConsumer] Request joining group due to: consumer pro-actively leaving the group
2025-02-06 20:40:58 [org.springframework.kafka.KafkaListenerEndpointContainer#2-0-C-1] [34mINFO [0;39m [36mo.a.kafka.common.metrics.Metrics[0;39m - Metrics scheduler closed
2025-02-06 20:40:58 [org.springframework.kafka.KafkaListenerEndpointContainer#1-0-C-1] [34mINFO [0;39m [36mo.a.kafka.common.metrics.Metrics[0;39m - Metrics scheduler closed
2025-02-06 20:40:58 [org.springframework.kafka.KafkaListenerEndpointContainer#1-0-C-1] [34mINFO [0;39m [36mo.a.kafka.common.metrics.Metrics[0;39m - Closing reporter org.apache.kafka.common.metrics.JmxReporter
2025-02-06 20:40:58 [org.springframework.kafka.KafkaListenerEndpointContainer#1-0-C-1] [34mINFO [0;39m [36mo.a.kafka.common.metrics.Metrics[0;39m - Closing reporter org.apache.kafka.common.telemetry.internals.ClientTelemetryReporter
2025-02-06 20:40:58 [org.springframework.kafka.KafkaListenerEndpointContainer#2-0-C-1] [34mINFO [0;39m [36mo.a.kafka.common.metrics.Metrics[0;39m - Closing reporter org.apache.kafka.common.metrics.JmxReporter
2025-02-06 20:40:58 [org.springframework.kafka.KafkaListenerEndpointContainer#0-0-C-1] [34mINFO [0;39m [36mo.a.kafka.common.metrics.Metrics[0;39m - Metrics scheduler closed
2025-02-06 20:40:58 [org.springframework.kafka.KafkaListenerEndpointContainer#3-0-C-1] [34mINFO [0;39m [36mo.a.kafka.common.metrics.Metrics[0;39m - Metrics scheduler closed
2025-02-06 20:40:58 [org.springframework.kafka.KafkaListenerEndpointContainer#1-0-C-1] [34mINFO [0;39m [36mo.a.kafka.common.metrics.Metrics[0;39m - Metrics reporters closed
2025-02-06 20:40:58 [org.springframework.kafka.KafkaListenerEndpointContainer#2-0-C-1] [34mINFO [0;39m [36mo.a.kafka.common.metrics.Metrics[0;39m - Closing reporter org.apache.kafka.common.telemetry.internals.ClientTelemetryReporter
2025-02-06 20:40:58 [org.springframework.kafka.KafkaListenerEndpointContainer#3-0-C-1] [34mINFO [0;39m [36mo.a.kafka.common.metrics.Metrics[0;39m - Closing reporter org.apache.kafka.common.metrics.JmxReporter
2025-02-06 20:40:58 [org.springframework.kafka.KafkaListenerEndpointContainer#2-0-C-1] [34mINFO [0;39m [36mo.a.kafka.common.metrics.Metrics[0;39m - Metrics reporters closed
2025-02-06 20:40:58 [org.springframework.kafka.KafkaListenerEndpointContainer#0-0-C-1] [34mINFO [0;39m [36mo.a.kafka.common.metrics.Metrics[0;39m - Closing reporter org.apache.kafka.common.metrics.JmxReporter
2025-02-06 20:40:58 [org.springframework.kafka.KafkaListenerEndpointContainer#3-0-C-1] [34mINFO [0;39m [36mo.a.kafka.common.metrics.Metrics[0;39m - Closing reporter org.apache.kafka.common.telemetry.internals.ClientTelemetryReporter
2025-02-06 20:40:58 [org.springframework.kafka.KafkaListenerEndpointContainer#3-0-C-1] [34mINFO [0;39m [36mo.a.kafka.common.metrics.Metrics[0;39m - Metrics reporters closed
2025-02-06 20:40:58 [org.springframework.kafka.KafkaListenerEndpointContainer#0-0-C-1] [34mINFO [0;39m [36mo.a.kafka.common.metrics.Metrics[0;39m - Closing reporter org.apache.kafka.common.telemetry.internals.ClientTelemetryReporter
2025-02-06 20:40:58 [org.springframework.kafka.KafkaListenerEndpointContainer#0-0-C-1] [34mINFO [0;39m [36mo.a.kafka.common.metrics.Metrics[0;39m - Metrics reporters closed
2025-02-06 20:40:58 [org.springframework.kafka.KafkaListenerEndpointContainer#3-0-C-1] [34mINFO [0;39m [36mo.a.kafka.common.utils.AppInfoParser[0;39m - App info kafka.consumer for consumer-bankAccConsumer-2 unregistered
2025-02-06 20:40:58 [org.springframework.kafka.KafkaListenerEndpointContainer#3-0-C-1] [34mINFO [0;39m [36mo.s.k.l.KafkaMessageListenerContainer[0;39m - bankAccConsumer: Consumer stopped
2025-02-06 20:40:58 [org.springframework.kafka.KafkaListenerEndpointContainer#0-0-C-1] [34mINFO [0;39m [36mo.a.kafka.common.utils.AppInfoParser[0;39m - App info kafka.consumer for consumer-bankAccConsumer-3 unregistered
2025-02-06 20:40:58 [org.springframework.kafka.KafkaListenerEndpointContainer#0-0-C-1] [34mINFO [0;39m [36mo.s.k.l.KafkaMessageListenerContainer[0;39m - bankAccConsumer: Consumer stopped
2025-02-06 20:40:58 [org.springframework.kafka.KafkaListenerEndpointContainer#2-0-C-1] [34mINFO [0;39m [36mo.a.kafka.common.utils.AppInfoParser[0;39m - App info kafka.consumer for consumer-bankAccConsumer-1 unregistered
2025-02-06 20:40:58 [org.springframework.kafka.KafkaListenerEndpointContainer#2-0-C-1] [34mINFO [0;39m [36mo.s.k.l.KafkaMessageListenerContainer[0;39m - bankAccConsumer: Consumer stopped
2025-02-06 20:40:58 [org.springframework.kafka.KafkaListenerEndpointContainer#1-0-C-1] [34mINFO [0;39m [36mo.a.kafka.common.utils.AppInfoParser[0;39m - App info kafka.consumer for consumer-bankAccConsumer-4 unregistered
2025-02-06 20:40:58 [org.springframework.kafka.KafkaListenerEndpointContainer#1-0-C-1] [34mINFO [0;39m [36mo.s.k.l.KafkaMessageListenerContainer[0;39m - bankAccConsumer: Consumer stopped
2025-02-06 20:40:58 [SpringApplicationShutdownHook] [34mINFO [0;39m [36mo.s.o.j.LocalContainerEntityManagerFactoryBean[0;39m - Closing JPA EntityManagerFactory for persistence unit 'default'
2025-02-06 20:40:58 [SpringApplicationShutdownHook] [34mINFO [0;39m [36mcom.zaxxer.hikari.HikariDataSource[0;39m - HikariPool-1 - Shutdown initiated...
2025-02-06 20:40:58 [SpringApplicationShutdownHook] [34mINFO [0;39m [36mcom.zaxxer.hikari.HikariDataSource[0;39m - HikariPool-1 - Shutdown completed.
